core/auth/build/intermediates/manifest_merge_blame_file/debug/processDebugMainManifest/manifest-merger-blame-debug-report.txt
1<?xml version="1.0" encoding="utf-8"?>
2<manifest xmlns:android="http://schemas.android.com/apk/res/android"
3    package="com.pedro.plataformachamados" >
4
5    <uses-sdk
6        android:minSdkVersion="24"
7        android:targetSdkVersion="35" />
8
9    <uses-permission android:name="android.permission.INTERNET" />
9-->[com.google.firebase:firebase-auth:23.2.1] AndroidManifest.xml:25:5-67
9-->[com.google.firebase:firebase-auth:23.2.1] AndroidManifest.xml:25:22-64
10    <uses-permission android:name="android.permission.ACCESS_NETWORK_STATE" />
10-->[com.google.firebase:firebase-auth:23.2.1] AndroidManifest.xml:26:5-79
10-->[com.google.firebase:firebase-auth:23.2.1] AndroidManifest.xml:26:22-76
11    <uses-permission android:name="com.google.android.providers.gsf.permission.READ_GSERVICES" />
11-->[com.google.android.recaptcha:recaptcha:18.6.1] AndroidManifest.xml:9:5-98
11-->[com.google.android.recaptcha:recaptcha:18.6.1] AndroidManifest.xml:9:22-95
12
13    <application
14        android:appComponentFactory="androidx.core.app.CoreComponentFactory"
14-->[androidx.core:core:1.2.0] AndroidManifest.xml:24:18-86
15        android:debuggable="true"
16        android:extractNativeLibs="false"
17        android:testOnly="true" >
18        <activity
18-->[com.google.firebase:firebase-auth:23.2.1] AndroidManifest.xml:29:9-46:20
19            android:name="com.google.firebase.auth.internal.GenericIdpActivity"
19-->[com.google.firebase:firebase-auth:23.2.1] AndroidManifest.xml:30:13-80
20            android:excludeFromRecents="true"
20-->[com.google.firebase:firebase-auth:23.2.1] AndroidManifest.xml:31:13-46
21            android:exported="true"
21-->[com.google.firebase:firebase-auth:23.2.1] AndroidManifest.xml:32:13-36
22            android:launchMode="singleTask"
22-->[com.google.firebase:firebase-auth:23.2.1] AndroidManifest.xml:33:13-44
23            android:theme="@android:style/Theme.Translucent.NoTitleBar" >
23-->[com.google.firebase:firebase-auth:23.2.1] AndroidManifest.xml:34:13-72
24            <intent-filter>
24-->[com.google.firebase:firebase-auth:23.2.1] AndroidManifest.xml:35:13-45:29
25                <action android:name="android.intent.action.VIEW" />
25-->[com.google.firebase:firebase-auth:23.2.1] AndroidManifest.xml:36:17-69
25-->[com.google.firebase:firebase-auth:23.2.1] AndroidManifest.xml:36:25-66
26
27                <category android:name="android.intent.category.DEFAULT" />
27-->[com.google.firebase:firebase-auth:23.2.1] AndroidManifest.xml:38:17-76
27-->[com.google.firebase:firebase-auth:23.2.1] AndroidManifest.xml:38:27-73
28                <category android:name="android.intent.category.BROWSABLE" />
28-->[com.google.firebase:firebase-auth:23.2.1] AndroidManifest.xml:39:17-78
28-->[com.google.firebase:firebase-auth:23.2.1] AndroidManifest.xml:39:27-75
29
30                <data
30-->[com.google.firebase:firebase-auth:23.2.1] AndroidManifest.xml:41:17-44:51
31                    android:host="firebase.auth"
31-->[com.google.firebase:firebase-auth:23.2.1] AndroidManifest.xml:42:21-49
32                    android:path="/"
32-->[com.google.firebase:firebase-auth:23.2.1] AndroidManifest.xml:43:21-37
33                    android:scheme="genericidp" />
33-->[com.google.firebase:firebase-auth:23.2.1] AndroidManifest.xml:44:21-48
34            </intent-filter>
35        </activity>
36        <activity
36-->[com.google.firebase:firebase-auth:23.2.1] AndroidManifest.xml:47:9-64:20
37            android:name="com.google.firebase.auth.internal.RecaptchaActivity"
37-->[com.google.firebase:firebase-auth:23.2.1] AndroidManifest.xml:48:13-79
38            android:excludeFromRecents="true"
38-->[com.google.firebase:firebase-auth:23.2.1] AndroidManifest.xml:49:13-46
39            android:exported="true"
39-->[com.google.firebase:firebase-auth:23.2.1] AndroidManifest.xml:50:13-36
40            android:launchMode="singleTask"
40-->[com.google.firebase:firebase-auth:23.2.1] AndroidManifest.xml:51:13-44
41            android:theme="@android:style/Theme.Translucent.NoTitleBar" >
41-->[com.google.firebase:firebase-auth:23.2.1] AndroidManifest.xml:52:13-72
42            <intent-filter>
42-->[com.google.firebase:firebase-auth:23.2.1] AndroidManifest.xml:53:13-63:29
43                <action android:name="android.intent.action.VIEW" />
43-->[com.google.firebase:firebase-auth:23.2.1] AndroidManifest.xml:36:17-69
43-->[com.google.firebase:firebase-auth:23.2.1] AndroidManifest.xml:36:25-66
44
45                <category android:name="android.intent.category.DEFAULT" />
45-->[com.google.firebase:firebase-auth:23.2.1] AndroidManifest.xml:38:17-76
45-->[com.google.firebase:firebase-auth:23.2.1] AndroidManifest.xml:38:27-73
46                <category android:name="android.intent.category.BROWSABLE" />
46-->[com.google.firebase:firebase-auth:23.2.1] AndroidManifest.xml:39:17-78
46-->[com.google.firebase:firebase-auth:23.2.1] AndroidManifest.xml:39:27-75
47
48                <data
48-->[com.google.firebase:firebase-auth:23.2.1] AndroidManifest.xml:41:17-44:51
49                    android:host="firebase.auth"
49-->[com.google.firebase:firebase-auth:23.2.1] AndroidManifest.xml:42:21-49
50                    android:path="/"
50-->[com.google.firebase:firebase-auth:23.2.1] AndroidManifest.xml:43:21-37
51                    android:scheme="recaptcha" />
51-->[com.google.firebase:firebase-auth:23.2.1] AndroidManifest.xml:44:21-48
52            </intent-filter>
53        </activity>
54
55        <service
55-->[com.google.firebase:firebase-auth:23.2.1] AndroidManifest.xml:66:9-72:19
56            android:name="com.google.firebase.components.ComponentDiscoveryService"
56-->[com.google.firebase:firebase-auth:23.2.1] AndroidManifest.xml:67:13-84
57            android:directBootAware="true"
57-->[com.google.firebase:firebase-common:21.0.0] AndroidManifest.xml:32:13-43
58            android:exported="false" >
58-->[com.google.firebase:firebase-auth:23.2.1] AndroidManifest.xml:68:13-37
59            <meta-data
59-->[com.google.firebase:firebase-auth:23.2.1] AndroidManifest.xml:69:13-71:85
60                android:name="com.google.firebase.components:com.google.firebase.auth.FirebaseAuthRegistrar"
60-->[com.google.firebase:firebase-auth:23.2.1] AndroidManifest.xml:70:17-109
61                android:value="com.google.firebase.components.ComponentRegistrar" />
61-->[com.google.firebase:firebase-auth:23.2.1] AndroidManifest.xml:71:17-82
62            <meta-data
62-->[com.google.firebase:firebase-common-ktx:21.0.0] AndroidManifest.xml:12:13-14:85
63                android:name="com.google.firebase.components:com.google.firebase.ktx.FirebaseCommonLegacyRegistrar"
63-->[com.google.firebase:firebase-common-ktx:21.0.0] AndroidManifest.xml:13:17-116
64                android:value="com.google.firebase.components.ComponentRegistrar" />
64-->[com.google.firebase:firebase-common-ktx:21.0.0] AndroidManifest.xml:14:17-82
65            <meta-data
65-->[com.google.firebase:firebase-common:21.0.0] AndroidManifest.xml:35:13-37:85
66                android:name="com.google.firebase.components:com.google.firebase.FirebaseCommonKtxRegistrar"
66-->[com.google.firebase:firebase-common:21.0.0] AndroidManifest.xml:36:17-109
67                android:value="com.google.firebase.components.ComponentRegistrar" />
67-->[com.google.firebase:firebase-common:21.0.0] AndroidManifest.xml:37:17-82
68        </service>
69        <service
69-->[androidx.credentials:credentials-play-services-auth:1.2.0-rc01] AndroidManifest.xml:24:9-32:19
70            android:name="androidx.credentials.playservices.CredentialProviderMetadataHolder"
70-->[androidx.credentials:credentials-play-services-auth:1.2.0-rc01] AndroidManifest.xml:25:13-94
71            android:enabled="true"
71-->[androidx.credentials:credentials-play-services-auth:1.2.0-rc01] AndroidManifest.xml:26:13-35
72            android:exported="false" >
72-->[androidx.credentials:credentials-play-services-auth:1.2.0-rc01] AndroidManifest.xml:27:13-37
73            <meta-data
73-->[androidx.credentials:credentials-play-services-auth:1.2.0-rc01] AndroidManifest.xml:29:13-31:104
74                android:name="androidx.credentials.CREDENTIAL_PROVIDER_KEY"
74-->[androidx.credentials:credentials-play-services-auth:1.2.0-rc01] AndroidManifest.xml:30:17-76
75                android:value="androidx.credentials.playservices.CredentialProviderPlayServicesImpl" />
75-->[androidx.credentials:credentials-play-services-auth:1.2.0-rc01] AndroidManifest.xml:31:17-101
76        </service>
77
78        <activity
78-->[androidx.credentials:credentials-play-services-auth:1.2.0-rc01] AndroidManifest.xml:34:9-41:20
79            android:name="androidx.credentials.playservices.HiddenActivity"
79-->[androidx.credentials:credentials-play-services-auth:1.2.0-rc01] AndroidManifest.xml:35:13-76
80            android:configChanges="orientation|screenSize|screenLayout|keyboardHidden"
80-->[androidx.credentials:credentials-play-services-auth:1.2.0-rc01] AndroidManifest.xml:36:13-87
81            android:enabled="true"
81-->[androidx.credentials:credentials-play-services-auth:1.2.0-rc01] AndroidManifest.xml:37:13-35
82            android:exported="false"
82-->[androidx.credentials:credentials-play-services-auth:1.2.0-rc01] AndroidManifest.xml:38:13-37
83            android:fitsSystemWindows="true"
83-->[androidx.credentials:credentials-play-services-auth:1.2.0-rc01] AndroidManifest.xml:39:13-45
84            android:theme="@style/Theme.Hidden" >
84-->[androidx.credentials:credentials-play-services-auth:1.2.0-rc01] AndroidManifest.xml:40:13-48
85        </activity>
86
87        <provider
87-->[com.google.firebase:firebase-common:21.0.0] AndroidManifest.xml:23:9-28:39
88            android:name="com.google.firebase.provider.FirebaseInitProvider"
88-->[com.google.firebase:firebase-common:21.0.0] AndroidManifest.xml:24:13-77
89            android:authorities="com.pedro.plataformachamados.firebaseinitprovider"
89-->[com.google.firebase:firebase-common:21.0.0] AndroidManifest.xml:25:13-72
90            android:directBootAware="true"
90-->[com.google.firebase:firebase-common:21.0.0] AndroidManifest.xml:26:13-43
91            android:exported="false"
91-->[com.google.firebase:firebase-common:21.0.0] AndroidManifest.xml:27:13-37
92            android:initOrder="100" />
92-->[com.google.firebase:firebase-common:21.0.0] AndroidManifest.xml:28:13-36
93
94        <activity
94-->[com.google.android.gms:play-services-auth:20.7.0] AndroidManifest.xml:23:9-27:75
95            android:name="com.google.android.gms.auth.api.signin.internal.SignInHubActivity"
95-->[com.google.android.gms:play-services-auth:20.7.0] AndroidManifest.xml:24:13-93
96            android:excludeFromRecents="true"
96-->[com.google.android.gms:play-services-auth:20.7.0] AndroidManifest.xml:25:13-46
97            android:exported="false"
97-->[com.google.android.gms:play-services-auth:20.7.0] AndroidManifest.xml:26:13-37
98            android:theme="@android:style/Theme.Translucent.NoTitleBar" />
98-->[com.google.android.gms:play-services-auth:20.7.0] AndroidManifest.xml:27:13-72
99        <!--
100            Service handling Google Sign-In user revocation. For apps that do not integrate with
101            Google Sign-In, this service will never be started.
102        -->
103        <service
103-->[com.google.android.gms:play-services-auth:20.7.0] AndroidManifest.xml:33:9-37:51
104            android:name="com.google.android.gms.auth.api.signin.RevocationBoundService"
104-->[com.google.android.gms:play-services-auth:20.7.0] AndroidManifest.xml:34:13-89
105            android:exported="true"
105-->[com.google.android.gms:play-services-auth:20.7.0] AndroidManifest.xml:35:13-36
106            android:permission="com.google.android.gms.auth.api.signin.permission.REVOCATION_NOTIFICATION"
106-->[com.google.android.gms:play-services-auth:20.7.0] AndroidManifest.xml:36:13-107
107            android:visibleToInstantApps="true" />
107-->[com.google.android.gms:play-services-auth:20.7.0] AndroidManifest.xml:37:13-48
108
109        <activity
109-->[com.google.android.gms:play-services-base:18.0.1] AndroidManifest.xml:20:9-22:45
110            android:name="com.google.android.gms.common.api.GoogleApiActivity"
110-->[com.google.android.gms:play-services-base:18.0.1] AndroidManifest.xml:20:19-85
111            android:exported="false"
111-->[com.google.android.gms:play-services-base:18.0.1] AndroidManifest.xml:22:19-43
112            android:theme="@android:style/Theme.Translucent.NoTitleBar" />
112-->[com.google.android.gms:play-services-base:18.0.1] AndroidManifest.xml:21:19-78
113
114        <meta-data
114-->[com.google.android.gms:play-services-basement:18.4.0] AndroidManifest.xml:6:9-122
115            android:name="com.google.android.gms.version"
115-->[com.google.android.gms:play-services-basement:18.4.0] AndroidManifest.xml:6:20-65
116            android:value="@integer/google_play_services_version" /> <!-- The activities will be merged into the manifest of the hosting app. -->
116-->[com.google.android.gms:play-services-basement:18.4.0] AndroidManifest.xml:6:66-119
117        <activity
117-->[com.google.android.play:core-common:2.0.3] AndroidManifest.xml:14:9-18:65
118            android:name="com.google.android.play.core.common.PlayCoreDialogWrapperActivity"
118-->[com.google.android.play:core-common:2.0.3] AndroidManifest.xml:15:13-93
119            android:exported="false"
119-->[com.google.android.play:core-common:2.0.3] AndroidManifest.xml:16:13-37
120            android:stateNotNeeded="true"
120-->[com.google.android.play:core-common:2.0.3] AndroidManifest.xml:17:13-42
121            android:theme="@style/Theme.PlayCore.Transparent" />
121-->[com.google.android.play:core-common:2.0.3] AndroidManifest.xml:18:13-62
122    </application>
123
124</manifest>